Flutter crash report; please file at https://github.com/flutter/flutter/issues.

## command

flutter run --machine --target lib\main.dart -d 22ade9cf --track-widget-creation --start-paused

## exception

FileSystemException: FileSystemException: Cannot open file, path = 'D:\Android Studio Projects\Flutter-Practice\.flutter-plugins' (OS Error: Access is denied.
, errno = 5)

```
#0      _File.throwIfError (dart:io/file_impl.dart:645:7)
#1      _File.openSync (dart:io/file_impl.dart:489:5)
#2      _File.writeAsBytesSync (dart:io/file_impl.dart:614:31)
#3      _File.writeAsStringSync (dart:io/file_impl.dart:638:5)
#4      ForwardingFile.writeAsStringSync (package:file/src/forwarding/forwarding_file.dart:154:16)
#5      _writeFlutterPluginsListLegacy (package:flutter_tools/src/plugins.dart:484:15)
#6      refreshPluginsList (package:flutter_tools/src/plugins.dart:1054:30)
#7      FlutterProject.ensureReadyForPlatformSpecificTooling (package:flutter_tools/src/project.dart:210:5)
#8      FlutterCommand.verifyThenRunCommand (package:flutter_tools/src/runner/flutter_command.dart:708:21)
<asynchronous suspension>
#9      FlutterCommand.run.<anonymous closure> (package:flutter_tools/src/runner/flutter_command.dart:620:33)
<asynchronous suspension>
#10     FlutterCommand.run.<anonymous closure> (package:flutter_tools/src/runner/flutter_command.dart)
#11     AppContext.run.<anonymous closure> (package:flutter_tools/src/base/context.dart:150:29)
#12     _rootRun (dart:async/zone.dart:1184:13)
#13     _CustomZone.run (dart:async/zone.dart:1077:19)
#14     _runZoned (dart:async/zone.dart:1619:10)
#15     runZoned (dart:async/zone.dart:1539:10)
#16     AppContext.run (package:flutter_tools/src/base/context.dart:149:18)
#17     FlutterCommand.run (package:flutter_tools/src/runner/flutter_command.dart:610:20)
#18     CommandRunner.runCommand (package:args/command_runner.dart:197:27)
#19     FlutterCommandRunner.runCommand.<anonymous closure> (package:flutter_tools/src/runner/flutter_command_runner.dart:339:21)
<asynchronous suspension>
#20     FlutterCommandRunner.runCommand.<anonymous closure> (package:flutter_tools/src/runner/flutter_command_runner.dart)
#21     AppContext.run.<anonymous closure> (package:flutter_tools/src/base/context.dart:150:29)
#22     _rootRun (dart:async/zone.dart:1184:13)
#23     _CustomZone.run (dart:async/zone.dart:1077:19)
#24     _runZoned (dart:async/zone.dart:1619:10)
#25     runZoned (dart:async/zone.dart:1539:10)
#26     AppContext.run (package:flutter_tools/src/base/context.dart:149:18)
#27     FlutterCommandRunner.runCommand (package:flutter_tools/src/runner/flutter_command_runner.dart:288:19)
#28     CommandRunner.run.<anonymous closure> (package:args/command_runner.dart:112:25)
#29     new Future.sync (dart:async/future.dart:224:31)
#30     CommandRunner.run (package:args/command_runner.dart:112:14)
#31     FlutterCommandRunner.run (package:flutter_tools/src/runner/flutter_command_runner.dart:231:18)
#32     run.<anonymous closure>.<anonymous closure> (package:flutter_tools/runner.dart:63:22)
#33     _rootRun (dart:async/zone.dart:1184:13)
#34     _CustomZone.run (dart:async/zone.dart:1077:19)
#35     _runZoned (dart:async/zone.dart:1619:10)
#36     runZonedGuarded (dart:async/zone.dart:1608:12)
#37     runZoned (dart:async/zone.dart:1536:12)
#38     run.<anonymous closure> (package:flutter_tools/runner.dart:61:18)
<asynchronous suspension>
#39     run.<anonymous closure> (package:flutter_tools/runner.dart)
#40     runInContext.runnerWrapper (package:flutter_tools/src/context_runner.dart:64:18)
<asynchronous suspension>
#41     runInContext.runnerWrapper (package:flutter_tools/src/context_runner.dart)
#42     AppContext.run.<anonymous closure> (package:flutter_tools/src/base/context.dart:150:29)
#43     _rootRun (dart:async/zone.dart:1184:13)
#44     _CustomZone.run (dart:async/zone.dart:1077:19)
#45     _runZoned (dart:async/zone.dart:1619:10)
#46     runZoned (dart:async/zone.dart:1539:10)
#47     AppContext.run (package:flutter_tools/src/base/context.dart:149:18)
#48     runInContext (package:flutter_tools/src/context_runner.dart:67:24)
#49     run (package:flutter_tools/runner.dart:48:10)
#50     main (package:flutter_tools/executable.dart:69:9)
#51     main (file:///D:/Android/flutter/packages/flutter_tools/bin/flutter_tools.dart:8:3)
#52     _startIsolate.<anonymous closure> (dart:isolate-patch/isolate_patch.dart:299:32)
#53     _RawReceivePortImpl._handleMessage (dart:isolate-patch/isolate_patch.dart:168:12)
```

## flutter doctor

```
[✓] Flutter (Channel stable, v1.17.1, on Microsoft Windows [Version 10.0.18363.720], locale en-IN)
    • Flutter version 1.17.1 at C:\Flutter\flutter
    • Framework revision f7a6a7906b (2 weeks ago), 2020-05-12 18:39:00 -0700
    • Engine revision 6bc433c6b6
    • Dart version 2.8.2

[!] Android toolchain - develop for Android devices (Android SDK version 29.0.3)
    • Android SDK at D:\Android\SDK (Windows)
    • Platform android-R, build-tools 29.0.3
    • ANDROID_HOME = D:\Android\SDK (Windows)
    • ANDROID_SDK_ROOT = D:\Android\SDK (Windows)
    • Java binary at: D:\Android\Android Studio (Windows)\jre\bin\java
    • Java version OpenJDK Runtime Environment (build 1.8.0_212-release-1586-b04)
    ✗ Android license status unknown.
      Try re-installing or updating your Android SDK Manager.
      See https://developer.android.com/studio/#downloads or visit visit https://flutter.dev/docs/get-started/install/windows#android-setup for detailed instructions.

[✓] Android Studio (version 3.6)
    • Android Studio at D:\Android\Android Studio (Windows)
    • Flutter plugin version 45.1.1
    • Dart plugin version 192.7761
    • Java version OpenJDK Runtime Environment (build 1.8.0_212-release-1586-b04)

[✓] VS Code (version 1.45.1)
    • VS Code at C:\Users\prasa\AppData\Local\Programs\Microsoft VS Code
    • Flutter extension version 3.10.2

[✓] Connected device (1 available)
    • ONEPLUS A6000 • 22ade9cf • android-arm64 • Android 10 (API 29)

! Doctor found issues in 1 category.
```
